<?xml version="1.0" encoding="UTF-8"?>
<testsuite xmlns:xsi="http://www.w3.org/2001/XMLSchema-instance" xsi:noNamespaceSchemaLocation="https://maven.apache.org/surefire/maven-surefire-plugin/xsd/surefire-test-report-3.0.xsd" version="3.0" name="TestSuite" time="8.963" tests="7" errors="0" skipped="0" failures="0">
  <properties>
    <property name="java.specification.version" value="18"/>
    <property name="sun.cpu.isalist" value="amd64"/>
    <property name="sun.jnu.encoding" value="Cp1252"/>
    <property name="java.class.path" value="C:\Users\User\Desktop\RestAssured\RestAssured_Framework\target\test-classes;C:\Users\User\Desktop\RestAssured\RestAssured_Framework\target\classes;C:\Users\User\.m2\repository\io\rest-assured\rest-assured\5.3.1\rest-assured-5.3.1.jar;C:\Users\User\.m2\repository\org\apache\groovy\groovy\4.0.11\groovy-4.0.11.jar;C:\Users\User\.m2\repository\org\apache\groovy\groovy-xml\4.0.11\groovy-xml-4.0.11.jar;C:\Users\User\.m2\repository\org\apache\httpcomponents\httpclient\4.5.13\httpclient-4.5.13.jar;C:\Users\User\.m2\repository\org\apache\httpcomponents\httpcore\4.4.13\httpcore-4.4.13.jar;C:\Users\User\.m2\repository\commons-logging\commons-logging\1.2\commons-logging-1.2.jar;C:\Users\User\.m2\repository\org\apache\httpcomponents\httpmime\4.5.13\httpmime-4.5.13.jar;C:\Users\User\.m2\repository\org\hamcrest\hamcrest\2.2\hamcrest-2.2.jar;C:\Users\User\.m2\repository\org\ccil\cowan\tagsoup\tagsoup\1.2.1\tagsoup-1.2.1.jar;C:\Users\User\.m2\repository\io\rest-assured\json-path\5.3.1\json-path-5.3.1.jar;C:\Users\User\.m2\repository\org\apache\groovy\groovy-json\4.0.11\groovy-json-4.0.11.jar;C:\Users\User\.m2\repository\io\rest-assured\rest-assured-common\5.3.1\rest-assured-common-5.3.1.jar;C:\Users\User\.m2\repository\io\rest-assured\xml-path\5.3.1\xml-path-5.3.1.jar;C:\Users\User\.m2\repository\org\apache\commons\commons-lang3\3.11\commons-lang3-3.11.jar;C:\Users\User\.m2\repository\io\rest-assured\json-schema-validator\5.3.1\json-schema-validator-5.3.1.jar;C:\Users\User\.m2\repository\com\github\java-json-tools\json-schema-validator\2.2.14\json-schema-validator-2.2.14.jar;C:\Users\User\.m2\repository\com\github\java-json-tools\jackson-coreutils-equivalence\1.0\jackson-coreutils-equivalence-1.0.jar;C:\Users\User\.m2\repository\com\github\java-json-tools\jackson-coreutils\2.0\jackson-coreutils-2.0.jar;C:\Users\User\.m2\repository\com\github\java-json-tools\msg-simple\1.2\msg-simple-1.2.jar;C:\Users\User\.m2\repository\com\github\java-json-tools\btf\1.3\btf-1.3.jar;C:\Users\User\.m2\repository\com\github\java-json-tools\json-schema-core\1.2.14\json-schema-core-1.2.14.jar;C:\Users\User\.m2\repository\com\github\java-json-tools\uri-template\0.10\uri-template-0.10.jar;C:\Users\User\.m2\repository\org\mozilla\rhino\1.7.7.2\rhino-1.7.7.2.jar;C:\Users\User\.m2\repository\com\sun\mail\mailapi\1.6.2\mailapi-1.6.2.jar;C:\Users\User\.m2\repository\joda-time\joda-time\2.10.5\joda-time-2.10.5.jar;C:\Users\User\.m2\repository\com\googlecode\libphonenumber\libphonenumber\8.11.1\libphonenumber-8.11.1.jar;C:\Users\User\.m2\repository\com\google\code\findbugs\jsr305\3.0.2\jsr305-3.0.2.jar;C:\Users\User\.m2\repository\net\sf\jopt-simple\jopt-simple\5.0.4\jopt-simple-5.0.4.jar;C:\Users\User\.m2\repository\com\google\guava\guava\32.0.1-jre\guava-32.0.1-jre.jar;C:\Users\User\.m2\repository\com\google\guava\failureaccess\1.0.1\failureaccess-1.0.1.jar;C:\Users\User\.m2\repository\com\google\guava\listenablefuture\9999.0-empty-to-avoid-conflict-with-guava\listenablefuture-9999.0-empty-to-avoid-conflict-with-guava.jar;C:\Users\User\.m2\repository\org\checkerframework\checker-qual\3.33.0\checker-qual-3.33.0.jar;C:\Users\User\.m2\repository\com\google\errorprone\error_prone_annotations\2.18.0\error_prone_annotations-2.18.0.jar;C:\Users\User\.m2\repository\com\google\j2objc\j2objc-annotations\2.8\j2objc-annotations-2.8.jar;C:\Users\User\.m2\repository\org\testng\testng\7.7.1\testng-7.7.1.jar;C:\Users\User\.m2\repository\org\slf4j\slf4j-api\1.7.36\slf4j-api-1.7.36.jar;C:\Users\User\.m2\repository\com\beust\jcommander\1.82\jcommander-1.82.jar;C:\Users\User\.m2\repository\org\webjars\jquery\3.6.1\jquery-3.6.1.jar;C:\Users\User\.m2\repository\org\apache\poi\poi\5.2.2\poi-5.2.2.jar;C:\Users\User\.m2\repository\commons-codec\commons-codec\1.15\commons-codec-1.15.jar;C:\Users\User\.m2\repository\org\apache\commons\commons-collections4\4.4\commons-collections4-4.4.jar;C:\Users\User\.m2\repository\org\apache\commons\commons-math3\3.6.1\commons-math3-3.6.1.jar;C:\Users\User\.m2\repository\commons-io\commons-io\2.11.0\commons-io-2.11.0.jar;C:\Users\User\.m2\repository\com\zaxxer\SparseBitSet\1.2\SparseBitSet-1.2.jar;C:\Users\User\.m2\repository\org\apache\logging\log4j\log4j-api\2.17.2\log4j-api-2.17.2.jar;C:\Users\User\.m2\repository\org\apache\poi\poi-ooxml\5.2.2\poi-ooxml-5.2.2.jar;C:\Users\User\.m2\repository\org\apache\poi\poi-ooxml-lite\5.2.2\poi-ooxml-lite-5.2.2.jar;C:\Users\User\.m2\repository\org\apache\xmlbeans\xmlbeans\5.0.3\xmlbeans-5.0.3.jar;C:\Users\User\.m2\repository\org\apache\commons\commons-compress\1.21\commons-compress-1.21.jar;C:\Users\User\.m2\repository\com\github\virtuald\curvesapi\1.07\curvesapi-1.07.jar;C:\Users\User\.m2\repository\junit\junit\4.13.1\junit-4.13.1.jar;C:\Users\User\.m2\repository\org\hamcrest\hamcrest-core\1.3\hamcrest-core-1.3.jar;C:\Users\User\.m2\repository\io\cucumber\cucumber-java\7.11.2\cucumber-java-7.11.2.jar;C:\Users\User\.m2\repository\io\cucumber\cucumber-core\7.11.2\cucumber-core-7.11.2.jar;C:\Users\User\.m2\repository\io\cucumber\cucumber-gherkin\7.11.2\cucumber-gherkin-7.11.2.jar;C:\Users\User\.m2\repository\io\cucumber\cucumber-gherkin-messages\7.11.2\cucumber-gherkin-messages-7.11.2.jar;C:\Users\User\.m2\repository\io\cucumber\gherkin\26.0.3\gherkin-26.0.3.jar;C:\Users\User\.m2\repository\io\cucumber\messages\21.0.1\messages-21.0.1.jar;C:\Users\User\.m2\repository\io\cucumber\tag-expressions\5.0.1\tag-expressions-5.0.1.jar;C:\Users\User\.m2\repository\io\cucumber\cucumber-expressions\16.1.2\cucumber-expressions-16.1.2.jar;C:\Users\User\.m2\repository\io\cucumber\datatable\7.11.2\datatable-7.11.2.jar;C:\Users\User\.m2\repository\io\cucumber\cucumber-plugin\7.11.2\cucumber-plugin-7.11.2.jar;C:\Users\User\.m2\repository\io\cucumber\docstring\7.11.2\docstring-7.11.2.jar;C:\Users\User\.m2\repository\io\cucumber\html-formatter\20.2.1\html-formatter-20.2.1.jar;C:\Users\User\.m2\repository\io\cucumber\junit-xml-formatter\0.1.0\junit-xml-formatter-0.1.0.jar;C:\Users\User\.m2\repository\io\cucumber\ci-environment\9.1.0\ci-environment-9.1.0.jar;C:\Users\User\.m2\repository\org\apiguardian\apiguardian-api\1.1.2\apiguardian-api-1.1.2.jar;C:\Users\User\.m2\repository\io\cucumber\cucumber-junit\7.11.2\cucumber-junit-7.11.2.jar;C:\Users\User\.m2\repository\com\fasterxml\jackson\core\jackson-databind\2.12.3\jackson-databind-2.12.3.jar;C:\Users\User\.m2\repository\com\fasterxml\jackson\core\jackson-annotations\2.12.3\jackson-annotations-2.12.3.jar;C:\Users\User\.m2\repository\com\fasterxml\jackson\core\jackson-core\2.12.3\jackson-core-2.12.3.jar;"/>
    <property name="java.vm.vendor" value="Oracle Corporation"/>
    <property name="sun.arch.data.model" value="64"/>
    <property name="user.variant" value=""/>
    <property name="java.vendor.url" value="https://java.oracle.com/"/>
    <property name="user.timezone" value="Asia/Calcutta"/>
    <property name="os.name" value="Windows 11"/>
    <property name="java.vm.specification.version" value="18"/>
    <property name="sun.java.launcher" value="SUN_STANDARD"/>
    <property name="user.country" value="IN"/>
    <property name="sun.boot.library.path" value="C:\Program Files\Java\jdk-18.0.2.1\bin"/>
    <property name="sun.java.command" value="C:\Users\User\AppData\Local\Temp\surefire3527746846747462876\surefirebooter7638353274288899342.jar C:\Users\User\AppData\Local\Temp\surefire3527746846747462876 2024-01-02T21-06-26_573-jvmRun1 surefire18222921798974826601tmp surefire_03231094808859911237tmp"/>
    <property name="jdk.debug" value="release"/>
    <property name="surefire.test.class.path" value="C:\Users\User\Desktop\RestAssured\RestAssured_Framework\target\test-classes;C:\Users\User\Desktop\RestAssured\RestAssured_Framework\target\classes;C:\Users\User\.m2\repository\io\rest-assured\rest-assured\5.3.1\rest-assured-5.3.1.jar;C:\Users\User\.m2\repository\org\apache\groovy\groovy\4.0.11\groovy-4.0.11.jar;C:\Users\User\.m2\repository\org\apache\groovy\groovy-xml\4.0.11\groovy-xml-4.0.11.jar;C:\Users\User\.m2\repository\org\apache\httpcomponents\httpclient\4.5.13\httpclient-4.5.13.jar;C:\Users\User\.m2\repository\org\apache\httpcomponents\httpcore\4.4.13\httpcore-4.4.13.jar;C:\Users\User\.m2\repository\commons-logging\commons-logging\1.2\commons-logging-1.2.jar;C:\Users\User\.m2\repository\org\apache\httpcomponents\httpmime\4.5.13\httpmime-4.5.13.jar;C:\Users\User\.m2\repository\org\hamcrest\hamcrest\2.2\hamcrest-2.2.jar;C:\Users\User\.m2\repository\org\ccil\cowan\tagsoup\tagsoup\1.2.1\tagsoup-1.2.1.jar;C:\Users\User\.m2\repository\io\rest-assured\json-path\5.3.1\json-path-5.3.1.jar;C:\Users\User\.m2\repository\org\apache\groovy\groovy-json\4.0.11\groovy-json-4.0.11.jar;C:\Users\User\.m2\repository\io\rest-assured\rest-assured-common\5.3.1\rest-assured-common-5.3.1.jar;C:\Users\User\.m2\repository\io\rest-assured\xml-path\5.3.1\xml-path-5.3.1.jar;C:\Users\User\.m2\repository\org\apache\commons\commons-lang3\3.11\commons-lang3-3.11.jar;C:\Users\User\.m2\repository\io\rest-assured\json-schema-validator\5.3.1\json-schema-validator-5.3.1.jar;C:\Users\User\.m2\repository\com\github\java-json-tools\json-schema-validator\2.2.14\json-schema-validator-2.2.14.jar;C:\Users\User\.m2\repository\com\github\java-json-tools\jackson-coreutils-equivalence\1.0\jackson-coreutils-equivalence-1.0.jar;C:\Users\User\.m2\repository\com\github\java-json-tools\jackson-coreutils\2.0\jackson-coreutils-2.0.jar;C:\Users\User\.m2\repository\com\github\java-json-tools\msg-simple\1.2\msg-simple-1.2.jar;C:\Users\User\.m2\repository\com\github\java-json-tools\btf\1.3\btf-1.3.jar;C:\Users\User\.m2\repository\com\github\java-json-tools\json-schema-core\1.2.14\json-schema-core-1.2.14.jar;C:\Users\User\.m2\repository\com\github\java-json-tools\uri-template\0.10\uri-template-0.10.jar;C:\Users\User\.m2\repository\org\mozilla\rhino\1.7.7.2\rhino-1.7.7.2.jar;C:\Users\User\.m2\repository\com\sun\mail\mailapi\1.6.2\mailapi-1.6.2.jar;C:\Users\User\.m2\repository\joda-time\joda-time\2.10.5\joda-time-2.10.5.jar;C:\Users\User\.m2\repository\com\googlecode\libphonenumber\libphonenumber\8.11.1\libphonenumber-8.11.1.jar;C:\Users\User\.m2\repository\com\google\code\findbugs\jsr305\3.0.2\jsr305-3.0.2.jar;C:\Users\User\.m2\repository\net\sf\jopt-simple\jopt-simple\5.0.4\jopt-simple-5.0.4.jar;C:\Users\User\.m2\repository\com\google\guava\guava\32.0.1-jre\guava-32.0.1-jre.jar;C:\Users\User\.m2\repository\com\google\guava\failureaccess\1.0.1\failureaccess-1.0.1.jar;C:\Users\User\.m2\repository\com\google\guava\listenablefuture\9999.0-empty-to-avoid-conflict-with-guava\listenablefuture-9999.0-empty-to-avoid-conflict-with-guava.jar;C:\Users\User\.m2\repository\org\checkerframework\checker-qual\3.33.0\checker-qual-3.33.0.jar;C:\Users\User\.m2\repository\com\google\errorprone\error_prone_annotations\2.18.0\error_prone_annotations-2.18.0.jar;C:\Users\User\.m2\repository\com\google\j2objc\j2objc-annotations\2.8\j2objc-annotations-2.8.jar;C:\Users\User\.m2\repository\org\testng\testng\7.7.1\testng-7.7.1.jar;C:\Users\User\.m2\repository\org\slf4j\slf4j-api\1.7.36\slf4j-api-1.7.36.jar;C:\Users\User\.m2\repository\com\beust\jcommander\1.82\jcommander-1.82.jar;C:\Users\User\.m2\repository\org\webjars\jquery\3.6.1\jquery-3.6.1.jar;C:\Users\User\.m2\repository\org\apache\poi\poi\5.2.2\poi-5.2.2.jar;C:\Users\User\.m2\repository\commons-codec\commons-codec\1.15\commons-codec-1.15.jar;C:\Users\User\.m2\repository\org\apache\commons\commons-collections4\4.4\commons-collections4-4.4.jar;C:\Users\User\.m2\repository\org\apache\commons\commons-math3\3.6.1\commons-math3-3.6.1.jar;C:\Users\User\.m2\repository\commons-io\commons-io\2.11.0\commons-io-2.11.0.jar;C:\Users\User\.m2\repository\com\zaxxer\SparseBitSet\1.2\SparseBitSet-1.2.jar;C:\Users\User\.m2\repository\org\apache\logging\log4j\log4j-api\2.17.2\log4j-api-2.17.2.jar;C:\Users\User\.m2\repository\org\apache\poi\poi-ooxml\5.2.2\poi-ooxml-5.2.2.jar;C:\Users\User\.m2\repository\org\apache\poi\poi-ooxml-lite\5.2.2\poi-ooxml-lite-5.2.2.jar;C:\Users\User\.m2\repository\org\apache\xmlbeans\xmlbeans\5.0.3\xmlbeans-5.0.3.jar;C:\Users\User\.m2\repository\org\apache\commons\commons-compress\1.21\commons-compress-1.21.jar;C:\Users\User\.m2\repository\com\github\virtuald\curvesapi\1.07\curvesapi-1.07.jar;C:\Users\User\.m2\repository\junit\junit\4.13.1\junit-4.13.1.jar;C:\Users\User\.m2\repository\org\hamcrest\hamcrest-core\1.3\hamcrest-core-1.3.jar;C:\Users\User\.m2\repository\io\cucumber\cucumber-java\7.11.2\cucumber-java-7.11.2.jar;C:\Users\User\.m2\repository\io\cucumber\cucumber-core\7.11.2\cucumber-core-7.11.2.jar;C:\Users\User\.m2\repository\io\cucumber\cucumber-gherkin\7.11.2\cucumber-gherkin-7.11.2.jar;C:\Users\User\.m2\repository\io\cucumber\cucumber-gherkin-messages\7.11.2\cucumber-gherkin-messages-7.11.2.jar;C:\Users\User\.m2\repository\io\cucumber\gherkin\26.0.3\gherkin-26.0.3.jar;C:\Users\User\.m2\repository\io\cucumber\messages\21.0.1\messages-21.0.1.jar;C:\Users\User\.m2\repository\io\cucumber\tag-expressions\5.0.1\tag-expressions-5.0.1.jar;C:\Users\User\.m2\repository\io\cucumber\cucumber-expressions\16.1.2\cucumber-expressions-16.1.2.jar;C:\Users\User\.m2\repository\io\cucumber\datatable\7.11.2\datatable-7.11.2.jar;C:\Users\User\.m2\repository\io\cucumber\cucumber-plugin\7.11.2\cucumber-plugin-7.11.2.jar;C:\Users\User\.m2\repository\io\cucumber\docstring\7.11.2\docstring-7.11.2.jar;C:\Users\User\.m2\repository\io\cucumber\html-formatter\20.2.1\html-formatter-20.2.1.jar;C:\Users\User\.m2\repository\io\cucumber\junit-xml-formatter\0.1.0\junit-xml-formatter-0.1.0.jar;C:\Users\User\.m2\repository\io\cucumber\ci-environment\9.1.0\ci-environment-9.1.0.jar;C:\Users\User\.m2\repository\org\apiguardian\apiguardian-api\1.1.2\apiguardian-api-1.1.2.jar;C:\Users\User\.m2\repository\io\cucumber\cucumber-junit\7.11.2\cucumber-junit-7.11.2.jar;C:\Users\User\.m2\repository\com\fasterxml\jackson\core\jackson-databind\2.12.3\jackson-databind-2.12.3.jar;C:\Users\User\.m2\repository\com\fasterxml\jackson\core\jackson-annotations\2.12.3\jackson-annotations-2.12.3.jar;C:\Users\User\.m2\repository\com\fasterxml\jackson\core\jackson-core\2.12.3\jackson-core-2.12.3.jar;"/>
    <property name="sun.cpu.endian" value="little"/>
    <property name="user.home" value="C:\Users\User"/>
    <property name="user.language" value="en"/>
    <property name="java.specification.vendor" value="Oracle Corporation"/>
    <property name="java.version.date" value="2022-08-18"/>
    <property name="java.home" value="C:\Program Files\Java\jdk-18.0.2.1"/>
    <property name="file.separator" value="\"/>
    <property name="basedir" value="C:\Users\User\Desktop\RestAssured\RestAssured_Framework"/>
    <property name="java.vm.compressedOopsMode" value="Zero based"/>
    <property name="line.separator" value="&#10;"/>
    <property name="java.vm.specification.vendor" value="Oracle Corporation"/>
    <property name="java.specification.name" value="Java Platform API Specification"/>
    <property name="surefire.real.class.path" value="C:\Users\User\AppData\Local\Temp\surefire3527746846747462876\surefirebooter7638353274288899342.jar"/>
    <property name="user.script" value=""/>
    <property name="sun.management.compiler" value="HotSpot 64-Bit Tiered Compilers"/>
    <property name="java.runtime.version" value="18.0.2.1+1-1"/>
    <property name="user.name" value="User"/>
    <property name="path.separator" value=";"/>
    <property name="os.version" value="10.0"/>
    <property name="java.runtime.name" value="Java(TM) SE Runtime Environment"/>
    <property name="file.encoding" value="UTF-8"/>
    <property name="java.vm.name" value="Java HotSpot(TM) 64-Bit Server VM"/>
    <property name="localRepository" value="C:\Users\User\.m2\repository"/>
    <property name="java.vendor.url.bug" value="https://bugreport.java.com/bugreport/"/>
    <property name="java.io.tmpdir" value="C:\Users\User\AppData\Local\Temp\"/>
    <property name="java.version" value="18.0.2.1"/>
    <property name="user.dir" value="C:\Users\User\Desktop\RestAssured\RestAssured_Framework"/>
    <property name="os.arch" value="amd64"/>
    <property name="java.vm.specification.name" value="Java Virtual Machine Specification"/>
    <property name="sun.os.patch.level" value=""/>
    <property name="native.encoding" value="Cp1252"/>
    <property name="java.library.path" value="C:\Program Files\Java\jdk-18.0.2.1\bin;C:\Windows\Sun\Java\bin;C:\Windows\system32;C:\Windows;C:\Program Files\Common Files\Oracle\Java\javapath;C:\Windows\system32;C:\Windows;C:\Windows\System32\Wbem;C:\Windows\System32\WindowsPowerShell\v1.0\;C:\Windows\System32\OpenSSH\;C:\Program Files\Git\cmd;C:\Program Files\nodejs\;C:\Program Files\nodejs\node_modules;C:\Users\User\AppData\Local\Android\Sdk;C:\Users\User\AppData\Local\Programs\Python\Python312\Scripts\;C:\Users\User\AppData\Local\Programs\Python\Python312\;C:\Users\User\AppData\Local\Microsoft\WindowsApps;C:\Program Files\JetBrains\PyCharm Community Edition 2023.2.5\bin;C:\Users\User\Downloads\apache-maven-3.9.6-bin\apache-maven-3.9.6\bin;C:\Program Files\Java\jdk-18.0.2.1;C:\Users\User\AppData\Roaming\npm;C:\Users\User\AppData\Local\Android\Sdk\platform-tools;C:\Users\User\AppData\Local\Android\Sdk\build-tools;."/>
    <property name="java.vm.info" value="mixed mode, sharing"/>
    <property name="java.vendor" value="Oracle Corporation"/>
    <property name="java.vm.version" value="18.0.2.1+1-1"/>
    <property name="sun.io.unicode.encoding" value="UnicodeLittle"/>
    <property name="java.class.version" value="62.0"/>
  </properties>
  <testcase name="createRepo" classname="com.moolya.testgithub.GitHub_Testing" time="3.773">
    <system-err><![CDATA[SLF4J: Failed to load class "org.slf4j.impl.StaticLoggerBinder".
SLF4J: Defaulting to no-operation (NOP) logger implementation
SLF4J: See http://www.slf4j.org/codes.html#StaticLoggerBinder for further details.
]]></system-err>
  </testcase>
  <testcase name="getRepository" classname="com.moolya.testgithub.GitHub_Testing" time="0.81"/>
  <testcase name="updateRepository" classname="com.moolya.testgithub.GitHub_Testing" time="0.938">
    <system-out><![CDATA[https://api.github.com/repos/Manjanagowda/RestAssured
{
	"name" : "Hello_World",
	"description" : "Updating the repository name and private",
	"private" : false	
}
{"id":738169215,"node_id":"R_kgDOK_-Rfw","name":"Hello_World","full_name":"Manjanagowda/Hello_World","private":false,"owner":{"login":"Manjanagowda","id":133026556,"node_id":"U_kgDOB-3S_A","avatar_url":"https://avatars.githubusercontent.com/u/133026556?v=4","gravatar_id":"","url":"https://api.github.com/users/Manjanagowda","html_url":"https://github.com/Manjanagowda","followers_url":"https://api.github.com/users/Manjanagowda/followers","following_url":"https://api.github.com/users/Manjanagowda/following{/other_user}","gists_url":"https://api.github.com/users/Manjanagowda/gists{/gist_id}","starred_url":"https://api.github.com/users/Manjanagowda/starred{/owner}{/repo}","subscriptions_url":"https://api.github.com/users/Manjanagowda/subscriptions","organizations_url":"https://api.github.com/users/Manjanagowda/orgs","repos_url":"https://api.github.com/users/Manjanagowda/repos","events_url":"https://api.github.com/users/Manjanagowda/events{/privacy}","received_events_url":"https://api.github.com/users/Manjanagowda/received_events","type":"User","site_admin":false},"html_url":"https://github.com/Manjanagowda/Hello_World","description":"Updating the repository name and private","fork":false,"url":"https://api.github.com/repos/Manjanagowda/Hello_World","forks_url":"https://api.github.com/repos/Manjanagowda/Hello_World/forks","keys_url":"https://api.github.com/repos/Manjanagowda/Hello_World/keys{/key_id}","collaborators_url":"https://api.github.com/repos/Manjanagowda/Hello_World/collaborators{/collaborator}","teams_url":"https://api.github.com/repos/Manjanagowda/Hello_World/teams","hooks_url":"https://api.github.com/repos/Manjanagowda/Hello_World/hooks","issue_events_url":"https://api.github.com/repos/Manjanagowda/Hello_World/issues/events{/number}","events_url":"https://api.github.com/repos/Manjanagowda/Hello_World/events","assignees_url":"https://api.github.com/repos/Manjanagowda/Hello_World/assignees{/user}","branches_url":"https://api.github.com/repos/Manjanagowda/Hello_World/branches{/branch}","tags_url":"https://api.github.com/repos/Manjanagowda/Hello_World/tags","blobs_url":"https://api.github.com/repos/Manjanagowda/Hello_World/git/blobs{/sha}","git_tags_url":"https://api.github.com/repos/Manjanagowda/Hello_World/git/tags{/sha}","git_refs_url":"https://api.github.com/repos/Manjanagowda/Hello_World/git/refs{/sha}","trees_url":"https://api.github.com/repos/Manjanagowda/Hello_World/git/trees{/sha}","statuses_url":"https://api.github.com/repos/Manjanagowda/Hello_World/statuses/{sha}","languages_url":"https://api.github.com/repos/Manjanagowda/Hello_World/languages","stargazers_url":"https://api.github.com/repos/Manjanagowda/Hello_World/stargazers","contributors_url":"https://api.github.com/repos/Manjanagowda/Hello_World/contributors","subscribers_url":"https://api.github.com/repos/Manjanagowda/Hello_World/subscribers","subscription_url":"https://api.github.com/repos/Manjanagowda/Hello_World/subscription","commits_url":"https://api.github.com/repos/Manjanagowda/Hello_World/commits{/sha}","git_commits_url":"https://api.github.com/repos/Manjanagowda/Hello_World/git/commits{/sha}","comments_url":"https://api.github.com/repos/Manjanagowda/Hello_World/comments{/number}","issue_comment_url":"https://api.github.com/repos/Manjanagowda/Hello_World/issues/comments{/number}","contents_url":"https://api.github.com/repos/Manjanagowda/Hello_World/contents/{+path}","compare_url":"https://api.github.com/repos/Manjanagowda/Hello_World/compare/{base}...{head}","merges_url":"https://api.github.com/repos/Manjanagowda/Hello_World/merges","archive_url":"https://api.github.com/repos/Manjanagowda/Hello_World/{archive_format}{/ref}","downloads_url":"https://api.github.com/repos/Manjanagowda/Hello_World/downloads","issues_url":"https://api.github.com/repos/Manjanagowda/Hello_World/issues{/number}","pulls_url":"https://api.github.com/repos/Manjanagowda/Hello_World/pulls{/number}","milestones_url":"https://api.github.com/repos/Manjanagowda/Hello_World/milestones{/number}","notifications_url":"https://api.github.com/repos/Manjanagowda/Hello_World/notifications{?since,all,participating}","labels_url":"https://api.github.com/repos/Manjanagowda/Hello_World/labels{/name}","releases_url":"https://api.github.com/repos/Manjanagowda/Hello_World/releases{/id}","deployments_url":"https://api.github.com/repos/Manjanagowda/Hello_World/deployments","created_at":"2024-01-02T15:36:30Z","updated_at":"2024-01-02T15:36:33Z","pushed_at":"2024-01-02T15:36:30Z","git_url":"git://github.com/Manjanagowda/Hello_World.git","ssh_url":"git@github.com:Manjanagowda/Hello_World.git","clone_url":"https://github.com/Manjanagowda/Hello_World.git","svn_url":"https://github.com/Manjanagowda/Hello_World","homepage":null,"size":0,"stargazers_count":0,"watchers_count":0,"language":null,"has_issues":true,"has_projects":true,"has_downloads":true,"has_wiki":true,"has_pages":false,"has_discussions":false,"forks_count":0,"mirror_url":null,"archived":false,"disabled":false,"open_issues_count":0,"license":null,"allow_forking":true,"is_template":false,"web_commit_signoff_required":false,"topics":[],"visibility":"public","forks":0,"open_issues":0,"watchers":0,"default_branch":"main","permissions":{"admin":true,"maintain":true,"push":true,"triage":true,"pull":true},"allow_squash_merge":true,"allow_merge_commit":true,"allow_rebase_merge":true,"allow_auto_merge":false,"delete_branch_on_merge":false,"allow_update_branch":false,"use_squash_pr_title_as_default":false,"squash_merge_commit_message":"COMMIT_MESSAGES","squash_merge_commit_title":"COMMIT_OR_PR_TITLE","merge_commit_message":"PR_TITLE","merge_commit_title":"MERGE_MESSAGE","security_and_analysis":{"secret_scanning":{"status":"disabled"},"secret_scanning_push_protection":{"status":"disabled"},"dependabot_security_updates":{"status":"disabled"},"secret_scanning_validity_checks":{"status":"disabled"}},"network_count":0,"subscribers_count":1}
Hello_World
]]></system-out>
  </testcase>
  <testcase name="getUpdatedRepository" classname="com.moolya.testgithub.GitHub_Testing" time="0.711"/>
  <testcase name="deleteRepository" classname="com.moolya.testgithub.GitHub_Testing" time="0.651"/>
  <testcase name="listUserRepositories" classname="com.moolya.testgithub.GitHub_Testing" time="0.65">
    <system-out><![CDATA[[{"id":728753059,"node_id":"R_kgDOK2_jow","name":"BDD_Framework_","full_name":"Manjanagowda/BDD_Framework_","private":false,"owner":{"login":"Manjanagowda","id":133026556,"node_id":"U_kgDOB-3S_A","avatar_url":"https://avatars.githubusercontent.com/u/133026556?v=4","gravatar_id":"","url":"https://api.github.com/users/Manjanagowda","html_url":"https://github.com/Manjanagowda","followers_url":"https://api.github.com/users/Manjanagowda/followers","following_url":"https://api.github.com/users/Manjanagowda/following{/other_user}","gists_url":"https://api.github.com/users/Manjanagowda/gists{/gist_id}","starred_url":"https://api.github.com/users/Manjanagowda/starred{/owner}{/repo}","subscriptions_url":"https://api.github.com/users/Manjanagowda/subscriptions","organizations_url":"https://api.github.com/users/Manjanagowda/orgs","repos_url":"https://api.github.com/users/Manjanagowda/repos","events_url":"https://api.github.com/users/Manjanagowda/events{/privacy}","received_events_url":"https://api.github.com/users/Manjanagowda/received_events","type":"User","site_admin":false},"html_url":"https://github.com/Manjanagowda/BDD_Framework_","description":null,"fork":false,"url":"https://api.github.com/repos/Manjanagowda/BDD_Framework_","forks_url":"https://api.github.com/repos/Manjanagowda/BDD_Framework_/forks","keys_url":"https://api.github.com/repos/Manjanagowda/BDD_Framework_/keys{/key_id}","collaborators_url":"https://api.github.com/repos/Manjanagowda/BDD_Framework_/collaborators{/collaborator}","teams_url":"https://api.github.com/repos/Manjanagowda/BDD_Framework_/teams","hooks_url":"https://api.github.com/repos/Manjanagowda/BDD_Framework_/hooks","issue_events_url":"https://api.github.com/repos/Manjanagowda/BDD_Framework_/issues/events{/number}","events_url":"https://api.github.com/repos/Manjanagowda/BDD_Framework_/events","assignees_url":"https://api.github.com/repos/Manjanagowda/BDD_Framework_/assignees{/user}","branches_url":"https://api.github.com/repos/Manjanagowda/BDD_Framework_/branches{/branch}","tags_url":"https://api.github.com/repos/Manjanagowda/BDD_Framework_/tags","blobs_url":"https://api.github.com/repos/Manjanagowda/BDD_Framework_/git/blobs{/sha}","git_tags_url":"https://api.github.com/repos/Manjanagowda/BDD_Framework_/git/tags{/sha}","git_refs_url":"https://api.github.com/repos/Manjanagowda/BDD_Framework_/git/refs{/sha}","trees_url":"https://api.github.com/repos/Manjanagowda/BDD_Framework_/git/trees{/sha}","statuses_url":"https://api.github.com/repos/Manjanagowda/BDD_Framework_/statuses/{sha}","languages_url":"https://api.github.com/repos/Manjanagowda/BDD_Framework_/languages","stargazers_url":"https://api.github.com/repos/Manjanagowda/BDD_Framework_/stargazers","contributors_url":"https://api.github.com/repos/Manjanagowda/BDD_Framework_/contributors","subscribers_url":"https://api.github.com/repos/Manjanagowda/BDD_Framework_/subscribers","subscription_url":"https://api.github.com/repos/Manjanagowda/BDD_Framework_/subscription","commits_url":"https://api.github.com/repos/Manjanagowda/BDD_Framework_/commits{/sha}","git_commits_url":"https://api.github.com/repos/Manjanagowda/BDD_Framework_/git/commits{/sha}","comments_url":"https://api.github.com/repos/Manjanagowda/BDD_Framework_/comments{/number}","issue_comment_url":"https://api.github.com/repos/Manjanagowda/BDD_Framework_/issues/comments{/number}","contents_url":"https://api.github.com/repos/Manjanagowda/BDD_Framework_/contents/{+path}","compare_url":"https://api.github.com/repos/Manjanagowda/BDD_Framework_/compare/{base}...{head}","merges_url":"https://api.github.com/repos/Manjanagowda/BDD_Framework_/merges","archive_url":"https://api.github.com/repos/Manjanagowda/BDD_Framework_/{archive_format}{/ref}","downloads_url":"https://api.github.com/repos/Manjanagowda/BDD_Framework_/downloads","issues_url":"https://api.github.com/repos/Manjanagowda/BDD_Framework_/issues{/number}","pulls_url":"https://api.github.com/repos/Manjanagowda/BDD_Framework_/pulls{/number}","milestones_url":"https://api.github.com/repos/Manjanagowda/BDD_Framework_/milestones{/number}","notifications_url":"https://api.github.com/repos/Manjanagowda/BDD_Framework_/notifications{?since,all,participating}","labels_url":"https://api.github.com/repos/Manjanagowda/BDD_Framework_/labels{/name}","releases_url":"https://api.github.com/repos/Manjanagowda/BDD_Framework_/releases{/id}","deployments_url":"https://api.github.com/repos/Manjanagowda/BDD_Framework_/deployments","created_at":"2023-12-07T16:06:58Z","updated_at":"2023-12-07T16:06:59Z","pushed_at":"2023-12-08T05:13:11Z","git_url":"git://github.com/Manjanagowda/BDD_Framework_.git","ssh_url":"git@github.com:Manjanagowda/BDD_Framework_.git","clone_url":"https://github.com/Manjanagowda/BDD_Framework_.git","svn_url":"https://github.com/Manjanagowda/BDD_Framework_","homepage":null,"size":9,"stargazers_count":0,"watchers_count":0,"language":null,"has_issues":true,"has_projects":true,"has_downloads":true,"has_wiki":true,"has_pages":false,"has_discussions":false,"forks_count":0,"mirror_url":null,"archived":false,"disabled":false,"open_issues_count":0,"license":null,"allow_forking":true,"is_template":false,"web_commit_signoff_required":false,"topics":[],"visibility":"public","forks":0,"open_issues":0,"watchers":0,"default_branch":"main","permissions":{"admin":true,"maintain":true,"push":true,"triage":true,"pull":true}},{"id":738155498,"node_id":"R_kgDOK_9b6g","name":"CucumberFramework_API","full_name":"Manjanagowda/CucumberFramework_API","private":false,"owner":{"login":"Manjanagowda","id":133026556,"node_id":"U_kgDOB-3S_A","avatar_url":"https://avatars.githubusercontent.com/u/133026556?v=4","gravatar_id":"","url":"https://api.github.com/users/Manjanagowda","html_url":"https://github.com/Manjanagowda","followers_url":"https://api.github.com/users/Manjanagowda/followers","following_url":"https://api.github.com/users/Manjanagowda/following{/other_user}","gists_url":"https://api.github.com/users/Manjanagowda/gists{/gist_id}","starred_url":"https://api.github.com/users/Manjanagowda/starred{/owner}{/repo}","subscriptions_url":"https://api.github.com/users/Manjanagowda/subscriptions","organizations_url":"https://api.github.com/users/Manjanagowda/orgs","repos_url":"https://api.github.com/users/Manjanagowda/repos","events_url":"https://api.github.com/users/Manjanagowda/events{/privacy}","received_events_url":"https://api.github.com/users/Manjanagowda/received_events","type":"User","site_admin":false},"html_url":"https://github.com/Manjanagowda/CucumberFramework_API","description":null,"fork":false,"url":"https://api.github.com/repos/Manjanagowda/CucumberFramework_API","forks_url":"https://api.github.com/repos/Manjanagowda/CucumberFramework_API/forks","keys_url":"https://api.github.com/repos/Manjanagowda/CucumberFramework_API/keys{/key_id}","collaborators_url":"https://api.github.com/repos/Manjanagowda/CucumberFramework_API/collaborators{/collaborator}","teams_url":"https://api.github.com/repos/Manjanagowda/CucumberFramework_API/teams","hooks_url":"https://api.github.com/repos/Manjanagowda/CucumberFramework_API/hooks","issue_events_url":"https://api.github.com/repos/Manjanagowda/CucumberFramework_API/issues/events{/number}","events_url":"https://api.github.com/repos/Manjanagowda/CucumberFramework_API/events","assignees_url":"https://api.github.com/repos/Manjanagowda/CucumberFramework_API/assignees{/user}","branches_url":"https://api.github.com/repos/Manjanagowda/CucumberFramework_API/branches{/branch}","tags_url":"https://api.github.com/repos/Manjanagowda/CucumberFramework_API/tags","blobs_url":"https://api.github.com/repos/Manjanagowda/CucumberFramework_API/git/blobs{/sha}","git_tags_url":"https://api.github.com/repos/Manjanagowda/CucumberFramework_API/git/tags{/sha}","git_refs_url":"https://api.github.com/repos/Manjanagowda/CucumberFramework_API/git/refs{/sha}","trees_url":"https://api.github.com/repos/Manjanagowda/CucumberFramework_API/git/trees{/sha}","statuses_url":"https://api.github.com/repos/Manjanagowda/CucumberFramework_API/statuses/{sha}","languages_url":"https://api.github.com/repos/Manjanagowda/CucumberFramework_API/languages","stargazers_url":"https://api.github.com/repos/Manjanagowda/CucumberFramework_API/stargazers","contributors_url":"https://api.github.com/repos/Manjanagowda/CucumberFramework_API/contributors","subscribers_url":"https://api.github.com/repos/Manjanagowda/CucumberFramework_API/subscribers","subscription_url":"https://api.github.com/repos/Manjanagowda/CucumberFramework_API/subscription","commits_url":"https://api.github.com/repos/Manjanagowda/CucumberFramework_API/commits{/sha}","git_commits_url":"https://api.github.com/repos/Manjanagowda/CucumberFramework_API/git/commits{/sha}","comments_url":"https://api.github.com/repos/Manjanagowda/CucumberFramework_API/comments{/number}","issue_comment_url":"https://api.github.com/repos/Manjanagowda/CucumberFramework_API/issues/comments{/number}","contents_url":"https://api.github.com/repos/Manjanagowda/CucumberFramework_API/contents/{+path}","compare_url":"https://api.github.com/repos/Manjanagowda/CucumberFramework_API/compare/{base}...{head}","merges_url":"https://api.github.com/repos/Manjanagowda/CucumberFramework_API/merges","archive_url":"https://api.github.com/repos/Manjanagowda/CucumberFramework_API/{archive_format}{/ref}","downloads_url":"https://api.github.com/repos/Manjanagowda/CucumberFramework_API/downloads","issues_url":"https://api.github.com/repos/Manjanagowda/CucumberFramework_API/issues{/number}","pulls_url":"https://api.github.com/repos/Manjanagowda/CucumberFramework_API/pulls{/number}","milestones_url":"https://api.github.com/repos/Manjanagowda/CucumberFramework_API/milestones{/number}","notifications_url":"https://api.github.com/repos/Manjanagowda/CucumberFramework_API/notifications{?since,all,participating}","labels_url":"https://api.github.com/repos/Manjanagowda/CucumberFramework_API/labels{/name}","releases_url":"https://api.github.com/repos/Manjanagowda/CucumberFramework_API/releases{/id}","deployments_url":"https://api.github.com/repos/Manjanagowda/CucumberFramework_API/deployments","created_at":"2024-01-02T14:59:38Z","updated_at":"2024-01-02T14:59:38Z","pushed_at":"2024-01-02T14:59:38Z","git_url":"git://github.com/Manjanagowda/CucumberFramework_API.git","ssh_url":"git@github.com:Manjanagowda/CucumberFramework_API.git","clone_url":"https://github.com/Manjanagowda/CucumberFramework_API.git","svn_url":"https://github.com/Manjanagowda/CucumberFramework_API","homepage":null,"size":0,"stargazers_count":0,"watchers_count":0,"language":null,"has_issues":true,"has_projects":true,"has_downloads":true,"has_wiki":true,"has_pages":false,"has_discussions":false,"forks_count":0,"mirror_url":null,"archived":false,"disabled":false,"open_issues_count":0,"license":null,"allow_forking":true,"is_template":false,"web_commit_signoff_required":false,"topics":[],"visibility":"public","forks":0,"open_issues":0,"watchers":0,"default_branch":"main","permissions":{"admin":true,"maintain":true,"push":true,"triage":true,"pull":true}},{"id":737693099,"node_id":"R_kgDOK_hNqw","name":"FirstProject","full_name":"Manjanagowda/FirstProject","private":false,"owner":{"login":"Manjanagowda","id":133026556,"node_id":"U_kgDOB-3S_A","avatar_url":"https://avatars.githubusercontent.com/u/133026556?v=4","gravatar_id":"","url":"https://api.github.com/users/Manjanagowda","html_url":"https://github.com/Manjanagowda","followers_url":"https://api.github.com/users/Manjanagowda/followers","following_url":"https://api.github.com/users/Manjanagowda/following{/other_user}","gists_url":"https://api.github.com/users/Manjanagowda/gists{/gist_id}","starred_url":"https://api.github.com/users/Manjanagowda/starred{/owner}{/repo}","subscriptions_url":"https://api.github.com/users/Manjanagowda/subscriptions","organizations_url":"https://api.github.com/users/Manjanagowda/orgs","repos_url":"https://api.github.com/users/Manjanagowda/repos","events_url":"https://api.github.com/users/Manjanagowda/events{/privacy}","received_events_url":"https://api.github.com/users/Manjanagowda/received_events","type":"User","site_admin":false},"html_url":"https://github.com/Manjanagowda/FirstProject","description":null,"fork":true,"url":"https://api.github.com/repos/Manjanagowda/FirstProject","forks_url":"https://api.github.com/repos/Manjanagowda/FirstProject/forks","keys_url":"https://api.github.com/repos/Manjanagowda/FirstProject/keys{/key_id}","collaborators_url":"https://api.github.com/repos/Manjanagowda/FirstProject/collaborators{/collaborator}","teams_url":"https://api.github.com/repos/Manjanagowda/FirstProject/teams","hooks_url":"https://api.github.com/repos/Manjanagowda/FirstProject/hooks","issue_events_url":"https://api.github.com/repos/Manjanagowda/FirstProject/issues/events{/number}","events_url":"https://api.github.com/repos/Manjanagowda/FirstProject/events","assignees_url":"https://api.github.com/repos/Manjanagowda/FirstProject/assignees{/user}","branches_url":"https://api.github.com/repos/Manjanagowda/FirstProject/branches{/branch}","tags_url":"https://api.github.com/repos/Manjanagowda/FirstProject/tags","blobs_url":"https://api.github.com/repos/Manjanagowda/FirstProject/git/blobs{/sha}","git_tags_url":"https://api.github.com/repos/Manjanagowda/FirstProject/git/tags{/sha}","git_refs_url":"https://api.github.com/repos/Manjanagowda/FirstProject/git/refs{/sha}","trees_url":"https://api.github.com/repos/Manjanagowda/FirstProject/git/trees{/sha}","statuses_url":"https://api.github.com/repos/Manjanagowda/FirstProject/statuses/{sha}","languages_url":"https://api.github.com/repos/Manjanagowda/FirstProject/languages","stargazers_url":"https://api.github.com/repos/Manjanagowda/FirstProject/stargazers","contributors_url":"https://api.github.com/repos/Manjanagowda/FirstProject/contributors","subscribers_url":"https://api.github.com/repos/Manjanagowda/FirstProject/subscribers","subscription_url":"https://api.github.com/repos/Manjanagowda/FirstProject/subscription","commits_url":"https://api.github.com/repos/Manjanagowda/FirstProject/commits{/sha}","git_commits_url":"https://api.github.com/repos/Manjanagowda/FirstProject/git/commits{/sha}","comments_url":"https://api.github.com/repos/Manjanagowda/FirstProject/comments{/number}","issue_comment_url":"https://api.github.com/repos/Manjanagowda/FirstProject/issues/comments{/number}","contents_url":"https://api.github.com/repos/Manjanagowda/FirstProject/contents/{+path}","compare_url":"https://api.github.com/repos/Manjanagowda/FirstProject/compare/{base}...{head}","merges_url":"https://api.github.com/repos/Manjanagowda/FirstProject/merges","archive_url":"https://api.github.com/repos/Manjanagowda/FirstProject/{archive_format}{/ref}","downloads_url":"https://api.github.com/repos/Manjanagowda/FirstProject/downloads","issues_url":"https://api.github.com/repos/Manjanagowda/FirstProject/issues{/number}","pulls_url":"https://api.github.com/repos/Manjanagowda/FirstProject/pulls{/number}","milestones_url":"https://api.github.com/repos/Manjanagowda/FirstProject/milestones{/number}","notifications_url":"https://api.github.com/repos/Manjanagowda/FirstProject/notifications{?since,all,participating}","labels_url":"https://api.github.com/repos/Manjanagowda/FirstProject/labels{/name}","releases_url":"https://api.github.com/repos/Manjanagowda/FirstProject/releases{/id}","deployments_url":"https://api.github.com/repos/Manjanagowda/FirstProject/deployments","created_at":"2024-01-01T05:29:04Z","updated_at":"2024-01-01T05:29:05Z","pushed_at":"2024-01-02T15:34:15Z","git_url":"git://github.com/Manjanagowda/FirstProject.git","ssh_url":"git@github.com:Manjanagowda/FirstProject.git","clone_url":"https://github.com/Manjanagowda/FirstProject.git","svn_url":"https://github.com/Manjanagowda/FirstProject","homepage":null,"size":1,"stargazers_count":0,"watchers_count":0,"language":null,"has_issues":false,"has_projects":true,"has_downloads":true,"has_wiki":true,"has_pages":false,"has_discussions":false,"forks_count":0,"mirror_url":null,"archived":false,"disabled":false,"open_issues_count":0,"license":null,"allow_forking":true,"is_template":false,"web_commit_signoff_required":false,"topics":[],"visibility":"public","forks":0,"open_issues":0,"watchers":0,"default_branch":"master","permissions":{"admin":true,"maintain":true,"push":true,"triage":true,"pull":true}},{"id":730805998,"node_id":"R_kgDOK4827g","name":"Java_Dsa","full_name":"Manjanagowda/Java_Dsa","private":false,"owner":{"login":"Manjanagowda","id":133026556,"node_id":"U_kgDOB-3S_A","avatar_url":"https://avatars.githubusercontent.com/u/133026556?v=4","gravatar_id":"","url":"https://api.github.com/users/Manjanagowda","html_url":"https://github.com/Manjanagowda","followers_url":"https://api.github.com/users/Manjanagowda/followers","following_url":"https://api.github.com/users/Manjanagowda/following{/other_user}","gists_url":"https://api.github.com/users/Manjanagowda/gists{/gist_id}","starred_url":"https://api.github.com/users/Manjanagowda/starred{/owner}{/repo}","subscriptions_url":"https://api.github.com/users/Manjanagowda/subscriptions","organizations_url":"https://api.github.com/users/Manjanagowda/orgs","repos_url":"https://api.github.com/users/Manjanagowda/repos","events_url":"https://api.github.com/users/Manjanagowda/events{/privacy}","received_events_url":"https://api.github.com/users/Manjanagowda/received_events","type":"User","site_admin":false},"html_url":"https://github.com/Manjanagowda/Java_Dsa","description":null,"fork":false,"url":"https://api.github.com/repos/Manjanagowda/Java_Dsa","forks_url":"https://api.github.com/repos/Manjanagowda/Java_Dsa/forks","keys_url":"https://api.github.com/repos/Manjanagowda/Java_Dsa/keys{/key_id}","collaborators_url":"https://api.github.com/repos/Manjanagowda/Java_Dsa/collaborators{/collaborator}","teams_url":"https://api.github.com/repos/Manjanagowda/Java_Dsa/teams","hooks_url":"https://api.github.com/repos/Manjanagowda/Java_Dsa/hooks","issue_events_url":"https://api.github.com/repos/Manjanagowda/Java_Dsa/issues/events{/number}","events_url":"https://api.github.com/repos/Manjanagowda/Java_Dsa/events","assignees_url":"https://api.github.com/repos/Manjanagowda/Java_Dsa/assignees{/user}","branches_url":"https://api.github.com/repos/Manjanagowda/Java_Dsa/branches{/branch}","tags_url":"https://api.github.com/repos/Manjanagowda/Java_Dsa/tags","blobs_url":"https://api.github.com/repos/Manjanagowda/Java_Dsa/git/blobs{/sha}","git_tags_url":"https://api.github.com/repos/Manjanagowda/Java_Dsa/git/tags{/sha}","git_refs_url":"https://api.github.com/repos/Manjanagowda/Java_Dsa/git/refs{/sha}","trees_url":"https://api.github.com/repos/Manjanagowda/Java_Dsa/git/trees{/sha}","statuses_url":"https://api.github.com/repos/Manjanagowda/Java_Dsa/statuses/{sha}","languages_url":"https://api.github.com/repos/Manjanagowda/Java_Dsa/languages","stargazers_url":"https://api.github.com/repos/Manjanagowda/Java_Dsa/stargazers","contributors_url":"https://api.github.com/repos/Manjanagowda/Java_Dsa/contributors","subscribers_url":"https://api.github.com/repos/Manjanagowda/Java_Dsa/subscribers","subscription_url":"https://api.github.com/repos/Manjanagowda/Java_Dsa/subscription","commits_url":"https://api.github.com/repos/Manjanagowda/Java_Dsa/commits{/sha}","git_commits_url":"https://api.github.com/repos/Manjanagowda/Java_Dsa/git/commits{/sha}","comments_url":"https://api.github.com/repos/Manjanagowda/Java_Dsa/comments{/number}","issue_comment_url":"https://api.github.com/repos/Manjanagowda/Java_Dsa/issues/comments{/number}","contents_url":"https://api.github.com/repos/Manjanagowda/Java_Dsa/contents/{+path}","compare_url":"https://api.github.com/repos/Manjanagowda/Java_Dsa/compare/{base}...{head}","merges_url":"https://api.github.com/repos/Manjanagowda/Java_Dsa/merges","archive_url":"https://api.github.com/repos/Manjanagowda/Java_Dsa/{archive_format}{/ref}","downloads_url":"https://api.github.com/repos/Manjanagowda/Java_Dsa/downloads","issues_url":"https://api.github.com/repos/Manjanagowda/Java_Dsa/issues{/number}","pulls_url":"https://api.github.com/repos/Manjanagowda/Java_Dsa/pulls{/number}","milestones_url":"https://api.github.com/repos/Manjanagowda/Java_Dsa/milestones{/number}","notifications_url":"https://api.github.com/repos/Manjanagowda/Java_Dsa/notifications{?since,all,participating}","labels_url":"https://api.github.com/repos/Manjanagowda/Java_Dsa/labels{/name}","releases_url":"https://api.github.com/repos/Manjanagowda/Java_Dsa/releases{/id}","deployments_url":"https://api.github.com/repos/Manjanagowda/Java_Dsa/deployments","created_at":"2023-12-12T17:59:16Z","updated_at":"2023-12-12T18:02:14Z","pushed_at":"2023-12-13T04:18:11Z","git_url":"git://github.com/Manjanagowda/Java_Dsa.git","ssh_url":"git@github.com:Manjanagowda/Java_Dsa.git","clone_url":"https://github.com/Manjanagowda/Java_Dsa.git","svn_url":"https://github.com/Manjanagowda/Java_Dsa","homepage":null,"size":19,"stargazers_count":0,"watchers_count":0,"language":"Java","has_issues":true,"has_projects":true,"has_downloads":true,"has_wiki":true,"has_pages":false,"has_discussions":false,"forks_count":0,"mirror_url":null,"archived":false,"disabled":false,"open_issues_count":0,"license":null,"allow_forking":true,"is_template":false,"web_commit_signoff_required":false,"topics":[],"visibility":"public","forks":0,"open_issues":0,"watchers":0,"default_branch":"master","permissions":{"admin":true,"maintain":true,"push":true,"triage":true,"pull":true}},{"id":707486935,"node_id":"R_kgDOKitk1w","name":"Manjanagowda","full_name":"Manjanagowda/Manjanagowda","private":false,"owner":{"login":"Manjanagowda","id":133026556,"node_id":"U_kgDOB-3S_A","avatar_url":"https://avatars.githubusercontent.com/u/133026556?v=4","gravatar_id":"","url":"https://api.github.com/users/Manjanagowda","html_url":"https://github.com/Manjanagowda","followers_url":"https://api.github.com/users/Manjanagowda/followers","following_url":"https://api.github.com/users/Manjanagowda/following{/other_user}","gists_url":"https://api.github.com/users/Manjanagowda/gists{/gist_id}","starred_url":"https://api.github.com/users/Manjanagowda/starred{/owner}{/repo}","subscriptions_url":"https://api.github.com/users/Manjanagowda/subscriptions","organizations_url":"https://api.github.com/users/Manjanagowda/orgs","repos_url":"https://api.github.com/users/Manjanagowda/repos","events_url":"https://api.github.com/users/Manjanagowda/events{/privacy}","received_events_url":"https://api.github.com/users/Manjanagowda/received_events","type":"User","site_admin":false},"html_url":"https://github.com/Manjanagowda/Manjanagowda","description":"Config files for my GitHub profile.","fork":false,"url":"https://api.github.com/repos/Manjanagowda/Manjanagowda","forks_url":"https://api.github.com/repos/Manjanagowda/Manjanagowda/forks","keys_url":"https://api.github.com/repos/Manjanagowda/Manjanagowda/keys{/key_id}","collaborators_url":"https://api.github.com/repos/Manjanagowda/Manjanagowda/collaborators{/collaborator}","teams_url":"https://api.github.com/repos/Manjanagowda/Manjanagowda/teams","hooks_url":"https://api.github.com/repos/Manjanagowda/Manjanagowda/hooks","issue_events_url":"https://api.github.com/repos/Manjanagowda/Manjanagowda/issues/events{/number}","events_url":"https://api.github.com/repos/Manjanagowda/Manjanagowda/events","assignees_url":"https://api.github.com/repos/Manjanagowda/Manjanagowda/assignees{/user}","branches_url":"https://api.github.com/repos/Manjanagowda/Manjanagowda/branches{/branch}","tags_url":"https://api.github.com/repos/Manjanagowda/Manjanagowda/tags","blobs_url":"https://api.github.com/repos/Manjanagowda/Manjanagowda/git/blobs{/sha}","git_tags_url":"https://api.github.com/repos/Manjanagowda/Manjanagowda/git/tags{/sha}","git_refs_url":"https://api.github.com/repos/Manjanagowda/Manjanagowda/git/refs{/sha}","trees_url":"https://api.github.com/repos/Manjanagowda/Manjanagowda/git/trees{/sha}","statuses_url":"https://api.github.com/repos/Manjanagowda/Manjanagowda/statuses/{sha}","languages_url":"https://api.github.com/repos/Manjanagowda/Manjanagowda/languages","stargazers_url":"https://api.github.com/repos/Manjanagowda/Manjanagowda/stargazers","contributors_url":"https://api.github.com/repos/Manjanagowda/Manjanagowda/contributors","subscribers_url":"https://api.github.com/repos/Manjanagowda/Manjanagowda/subscribers","subscription_url":"https://api.github.com/repos/Manjanagowda/Manjanagowda/subscription","commits_url":"https://api.github.com/repos/Manjanagowda/Manjanagowda/commits{/sha}","git_commits_url":"https://api.github.com/repos/Manjanagowda/Manjanagowda/git/commits{/sha}","comments_url":"https://api.github.com/repos/Manjanagowda/Manjanagowda/comments{/number}","issue_comment_url":"https://api.github.com/repos/Manjanagowda/Manjanagowda/issues/comments{/number}","contents_url":"https://api.github.com/repos/Manjanagowda/Manjanagowda/contents/{+path}","compare_url":"https://api.github.com/repos/Manjanagowda/Manjanagowda/compare/{base}...{head}","merges_url":"https://api.github.com/repos/Manjanagowda/Manjanagowda/merges","archive_url":"https://api.github.com/repos/Manjanagowda/Manjanagowda/{archive_format}{/ref}","downloads_url":"https://api.github.com/repos/Manjanagowda/Manjanagowda/downloads","issues_url":"https://api.github.com/repos/Manjanagowda/Manjanagowda/issues{/number}","pulls_url":"https://api.github.com/repos/Manjanagowda/Manjanagowda/pulls{/number}","milestones_url":"https://api.github.com/repos/Manjanagowda/Manjanagowda/milestones{/number}","notifications_url":"https://api.github.com/repos/Manjanagowda/Manjanagowda/notifications{?since,all,participating}","labels_url":"https://api.github.com/repos/Manjanagowda/Manjanagowda/labels{/name}","releases_url":"https://api.github.com/repos/Manjanagowda/Manjanagowda/releases{/id}","deployments_url":"https://api.github.com/repos/Manjanagowda/Manjanagowda/deployments","created_at":"2023-10-20T02:26:35Z","updated_at":"2023-10-20T02:26:35Z","pushed_at":"2023-12-09T07:16:17Z","git_url":"git://github.com/Manjanagowda/Manjanagowda.git","ssh_url":"git@github.com:Manjanagowda/Manjanagowda.git","clone_url":"https://github.com/Manjanagowda/Manjanagowda.git","svn_url":"https://github.com/Manjanagowda/Manjanagowda","homepage":"https://github.com/Manjanagowda","size":59,"stargazers_count":0,"watchers_count":0,"language":null,"has_issues":false,"has_projects":true,"has_downloads":true,"has_wiki":false,"has_pages":false,"has_discussions":false,"forks_count":0,"mirror_url":null,"archived":false,"disabled":false,"open_issues_count":0,"license":null,"allow_forking":true,"is_template":false,"web_commit_signoff_required":false,"topics":["config","github-config"],"visibility":"public","forks":0,"open_issues":0,"watchers":0,"default_branch":"main","permissions":{"admin":true,"maintain":true,"push":true,"triage":true,"pull":true}},{"id":730959142,"node_id":"R_kgDOK5GNJg","name":"POM_Framework","full_name":"Manjanagowda/POM_Framework","private":false,"owner":{"login":"Manjanagowda","id":133026556,"node_id":"U_kgDOB-3S_A","avatar_url":"https://avatars.githubusercontent.com/u/133026556?v=4","gravatar_id":"","url":"https://api.github.com/users/Manjanagowda","html_url":"https://github.com/Manjanagowda","followers_url":"https://api.github.com/users/Manjanagowda/followers","following_url":"https://api.github.com/users/Manjanagowda/following{/other_user}","gists_url":"https://api.github.com/users/Manjanagowda/gists{/gist_id}","starred_url":"https://api.github.com/users/Manjanagowda/starred{/owner}{/repo}","subscriptions_url":"https://api.github.com/users/Manjanagowda/subscriptions","organizations_url":"https://api.github.com/users/Manjanagowda/orgs","repos_url":"https://api.github.com/users/Manjanagowda/repos","events_url":"https://api.github.com/users/Manjanagowda/events{/privacy}","received_events_url":"https://api.github.com/users/Manjanagowda/received_events","type":"User","site_admin":false},"html_url":"https://github.com/Manjanagowda/POM_Framework","description":null,"fork":false,"url":"https://api.github.com/repos/Manjanagowda/POM_Framework","forks_url":"https://api.github.com/repos/Manjanagowda/POM_Framework/forks","keys_url":"https://api.github.com/repos/Manjanagowda/POM_Framework/keys{/key_id}","collaborators_url":"https://api.github.com/repos/Manjanagowda/POM_Framework/collaborators{/collaborator}","teams_url":"https://api.github.com/repos/Manjanagowda/POM_Framework/teams","hooks_url":"https://api.github.com/repos/Manjanagowda/POM_Framework/hooks","issue_events_url":"https://api.github.com/repos/Manjanagowda/POM_Framework/issues/events{/number}","events_url":"https://api.github.com/repos/Manjanagowda/POM_Framework/events","assignees_url":"https://api.github.com/repos/Manjanagowda/POM_Framework/assignees{/user}","branches_url":"https://api.github.com/repos/Manjanagowda/POM_Framework/branches{/branch}","tags_url":"https://api.github.com/repos/Manjanagowda/POM_Framework/tags","blobs_url":"https://api.github.com/repos/Manjanagowda/POM_Framework/git/blobs{/sha}","git_tags_url":"https://api.github.com/repos/Manjanagowda/POM_Framework/git/tags{/sha}","git_refs_url":"https://api.github.com/repos/Manjanagowda/POM_Framework/git/refs{/sha}","trees_url":"https://api.github.com/repos/Manjanagowda/POM_Framework/git/trees{/sha}","statuses_url":"https://api.github.com/repos/Manjanagowda/POM_Framework/statuses/{sha}","languages_url":"https://api.github.com/repos/Manjanagowda/POM_Framework/languages","stargazers_url":"https://api.github.com/repos/Manjanagowda/POM_Framework/stargazers","contributors_url":"https://api.github.com/repos/Manjanagowda/POM_Framework/contributors","subscribers_url":"https://api.github.com/repos/Manjanagowda/POM_Framework/subscribers","subscription_url":"https://api.github.com/repos/Manjanagowda/POM_Framework/subscription","commits_url":"https://api.github.com/repos/Manjanagowda/POM_Framework/commits{/sha}","git_commits_url":"https://api.github.com/repos/Manjanagowda/POM_Framework/git/commits{/sha}","comments_url":"https://api.github.com/repos/Manjanagowda/POM_Framework/comments{/number}","issue_comment_url":"https://api.github.com/repos/Manjanagowda/POM_Framework/issues/comments{/number}","contents_url":"https://api.github.com/repos/Manjanagowda/POM_Framework/contents/{+path}","compare_url":"https://api.github.com/repos/Manjanagowda/POM_Framework/compare/{base}...{head}","merges_url":"https://api.github.com/repos/Manjanagowda/POM_Framework/merges","archive_url":"https://api.github.com/repos/Manjanagowda/POM_Framework/{archive_format}{/ref}","downloads_url":"https://api.github.com/repos/Manjanagowda/POM_Framework/downloads","issues_url":"https://api.github.com/repos/Manjanagowda/POM_Framework/issues{/number}","pulls_url":"https://api.github.com/repos/Manjanagowda/POM_Framework/pulls{/number}","milestones_url":"https://api.github.com/repos/Manjanagowda/POM_Framework/milestones{/number}","notifications_url":"https://api.github.com/repos/Manjanagowda/POM_Framework/notifications{?since,all,participating}","labels_url":"https://api.github.com/repos/Manjanagowda/POM_Framework/labels{/name}","releases_url":"https://api.github.com/repos/Manjanagowda/POM_Framework/releases{/id}","deployments_url":"https://api.github.com/repos/Manjanagowda/POM_Framework/deployments","created_at":"2023-12-13T03:42:40Z","updated_at":"2023-12-13T03:42:41Z","pushed_at":"2023-12-13T03:46:31Z","git_url":"git://github.com/Manjanagowda/POM_Framework.git","ssh_url":"git@github.com:Manjanagowda/POM_Framework.git","clone_url":"https://github.com/Manjanagowda/POM_Framework.git","svn_url":"https://github.com/Manjanagowda/POM_Framework","homepage":null,"size":64,"stargazers_count":0,"watchers_count":0,"language":null,"has_issues":true,"has_projects":true,"has_downloads":true,"has_wiki":true,"has_pages":false,"has_discussions":false,"forks_count":0,"mirror_url":null,"archived":false,"disabled":false,"open_issues_count":0,"license":null,"allow_forking":true,"is_template":false,"web_commit_signoff_required":false,"topics":[],"visibility":"public","forks":0,"open_issues":0,"watchers":0,"default_branch":"main","permissions":{"admin":true,"maintain":true,"push":true,"triage":true,"pull":true}},{"id":737488511,"node_id":"R_kgDOK_Uufw","name":"RestAssured_Framework","full_name":"Manjanagowda/RestAssured_Framework","private":false,"owner":{"login":"Manjanagowda","id":133026556,"node_id":"U_kgDOB-3S_A","avatar_url":"https://avatars.githubusercontent.com/u/133026556?v=4","gravatar_id":"","url":"https://api.github.com/users/Manjanagowda","html_url":"https://github.com/Manjanagowda","followers_url":"https://api.github.com/users/Manjanagowda/followers","following_url":"https://api.github.com/users/Manjanagowda/following{/other_user}","gists_url":"https://api.github.com/users/Manjanagowda/gists{/gist_id}","starred_url":"https://api.github.com/users/Manjanagowda/starred{/owner}{/repo}","subscriptions_url":"https://api.github.com/users/Manjanagowda/subscriptions","organizations_url":"https://api.github.com/users/Manjanagowda/orgs","repos_url":"https://api.github.com/users/Manjanagowda/repos","events_url":"https://api.github.com/users/Manjanagowda/events{/privacy}","received_events_url":"https://api.github.com/users/Manjanagowda/received_events","type":"User","site_admin":false},"html_url":"https://github.com/Manjanagowda/RestAssured_Framework","description":null,"fork":false,"url":"https://api.github.com/repos/Manjanagowda/RestAssured_Framework","forks_url":"https://api.github.com/repos/Manjanagowda/RestAssured_Framework/forks","keys_url":"https://api.github.com/repos/Manjanagowda/RestAssured_Framework/keys{/key_id}","collaborators_url":"https://api.github.com/repos/Manjanagowda/RestAssured_Framework/collaborators{/collaborator}","teams_url":"https://api.github.com/repos/Manjanagowda/RestAssured_Framework/teams","hooks_url":"https://api.github.com/repos/Manjanagowda/RestAssured_Framework/hooks","issue_events_url":"https://api.github.com/repos/Manjanagowda/RestAssured_Framework/issues/events{/number}","events_url":"https://api.github.com/repos/Manjanagowda/RestAssured_Framework/events","assignees_url":"https://api.github.com/repos/Manjanagowda/RestAssured_Framework/assignees{/user}","branches_url":"https://api.github.com/repos/Manjanagowda/RestAssured_Framework/branches{/branch}","tags_url":"https://api.github.com/repos/Manjanagowda/RestAssured_Framework/tags","blobs_url":"https://api.github.com/repos/Manjanagowda/RestAssured_Framework/git/blobs{/sha}","git_tags_url":"https://api.github.com/repos/Manjanagowda/RestAssured_Framework/git/tags{/sha}","git_refs_url":"https://api.github.com/repos/Manjanagowda/RestAssured_Framework/git/refs{/sha}","trees_url":"https://api.github.com/repos/Manjanagowda/RestAssured_Framework/git/trees{/sha}","statuses_url":"https://api.github.com/repos/Manjanagowda/RestAssured_Framework/statuses/{sha}","languages_url":"https://api.github.com/repos/Manjanagowda/RestAssured_Framework/languages","stargazers_url":"https://api.github.com/repos/Manjanagowda/RestAssured_Framework/stargazers","contributors_url":"https://api.github.com/repos/Manjanagowda/RestAssured_Framework/contributors","subscribers_url":"https://api.github.com/repos/Manjanagowda/RestAssured_Framework/subscribers","subscription_url":"https://api.github.com/repos/Manjanagowda/RestAssured_Framework/subscription","commits_url":"https://api.github.com/repos/Manjanagowda/RestAssured_Framework/commits{/sha}","git_commits_url":"https://api.github.com/repos/Manjanagowda/RestAssured_Framework/git/commits{/sha}","comments_url":"https://api.github.com/repos/Manjanagowda/RestAssured_Framework/comments{/number}","issue_comment_url":"https://api.github.com/repos/Manjanagowda/RestAssured_Framework/issues/comments{/number}","contents_url":"https://api.github.com/repos/Manjanagowda/RestAssured_Framework/contents/{+path}","compare_url":"https://api.github.com/repos/Manjanagowda/RestAssured_Framework/compare/{base}...{head}","merges_url":"https://api.github.com/repos/Manjanagowda/RestAssured_Framework/merges","archive_url":"https://api.github.com/repos/Manjanagowda/RestAssured_Framework/{archive_format}{/ref}","downloads_url":"https://api.github.com/repos/Manjanagowda/RestAssured_Framework/downloads","issues_url":"https://api.github.com/repos/Manjanagowda/RestAssured_Framework/issues{/number}","pulls_url":"https://api.github.com/repos/Manjanagowda/RestAssured_Framework/pulls{/number}","milestones_url":"https://api.github.com/repos/Manjanagowda/RestAssured_Framework/milestones{/number}","notifications_url":"https://api.github.com/repos/Manjanagowda/RestAssured_Framework/notifications{?since,all,participating}","labels_url":"https://api.github.com/repos/Manjanagowda/RestAssured_Framework/labels{/name}","releases_url":"https://api.github.com/repos/Manjanagowda/RestAssured_Framework/releases{/id}","deployments_url":"https://api.github.com/repos/Manjanagowda/RestAssured_Framework/deployments","created_at":"2023-12-31T08:17:05Z","updated_at":"2023-12-31T08:17:05Z","pushed_at":"2024-01-02T04:50:54Z","git_url":"git://github.com/Manjanagowda/RestAssured_Framework.git","ssh_url":"git@github.com:Manjanagowda/RestAssured_Framework.git","clone_url":"https://github.com/Manjanagowda/RestAssured_Framework.git","svn_url":"https://github.com/Manjanagowda/RestAssured_Framework","homepage":null,"size":76,"stargazers_count":0,"watchers_count":0,"language":null,"has_issues":true,"has_projects":true,"has_downloads":true,"has_wiki":true,"has_pages":false,"has_discussions":false,"forks_count":0,"mirror_url":null,"archived":false,"disabled":false,"open_issues_count":0,"license":null,"allow_forking":true,"is_template":false,"web_commit_signoff_required":false,"topics":[],"visibility":"public","forks":0,"open_issues":0,"watchers":0,"default_branch":"main","permissions":{"admin":true,"maintain":true,"push":true,"triage":true,"pull":true}}]
]]></system-out>
  </testcase>
  <testcase name="listRepositoriestags" classname="com.moolya.testgithub.GitHub_Testing" time="0.697">
    <system-out><![CDATA[[]
]]></system-out>
  </testcase>
</testsuite>