<?xml version="1.0" encoding="UTF-8"?>
<!-- Generated by org.testng.reporters.JUnitReportReporter -->
<testsuite hostname="DESKTOP-5OMTA5B" failures="0" tests="7" name="com.moolya.testgithub.GitHub_Testing" time="7.846" errors="0" timestamp="2024-01-02T22:09:19 IST" skipped="0">
  <testcase classname="com.moolya.testgithub.GitHub_Testing" name="createRepo" time="3.656"/>
  <system-out/>
  <testcase classname="com.moolya.testgithub.GitHub_Testing" name="getRepository" time="0.761"/>
  <system-out/>
  <testcase classname="com.moolya.testgithub.GitHub_Testing" name="updateRepository" time="0.892"/>
  <system-out/>
  <testcase classname="com.moolya.testgithub.GitHub_Testing" name="getUpdatedRepository" time="0.637"/>
  <system-out/>
  <testcase classname="com.moolya.testgithub.GitHub_Testing" name="deleteRepository" time="0.783"/>
  <system-out/>
  <testcase classname="com.moolya.testgithub.GitHub_Testing" name="listUserRepositories" time="0.646"/>
  <system-out/>
  <testcase classname="com.moolya.testgithub.GitHub_Testing" name="listRepositoriestags" time="0.471"/>
  <system-out/>
</testsuite> <!-- com.moolya.testgithub.GitHub_Testing -->
