<?xml version="1.0" encoding="UTF-8"?>
<!-- Generated by org.testng.reporters.JUnitReportReporter -->
<testsuite hostname="DESKTOP-5OMTA5B" failures="0" tests="7" name="com.moolya.testgithub.GitHub_Testing" time="8.228" errors="0" timestamp="2024-01-02T21:06:36 IST" skipped="0">
  <testcase classname="com.moolya.testgithub.GitHub_Testing" name="createRepo" time="3.773"/>
  <system-out/>
  <testcase classname="com.moolya.testgithub.GitHub_Testing" name="getRepository" time="0.811"/>
  <system-out/>
  <testcase classname="com.moolya.testgithub.GitHub_Testing" name="updateRepository" time="0.933"/>
  <system-out/>
  <testcase classname="com.moolya.testgithub.GitHub_Testing" name="getUpdatedRepository" time="0.715"/>
  <system-out/>
  <testcase classname="com.moolya.testgithub.GitHub_Testing" name="deleteRepository" time="0.651"/>
  <system-out/>
  <testcase classname="com.moolya.testgithub.GitHub_Testing" name="listUserRepositories" time="0.604"/>
  <system-out/>
  <testcase classname="com.moolya.testgithub.GitHub_Testing" name="listRepositoriestags" time="0.741"/>
  <system-out/>
</testsuite> <!-- com.moolya.testgithub.GitHub_Testing -->
